<?xml version="1.0" encoding="UTF-8"?>
<!-- Generated by org.testng.reporters.JUnitReportReporter -->
<testsuite hostname="DESKTOP-9AMHON3" failures="0" tests="1" name="scripts.Login" time="3.071" errors="0" timestamp="2023-02-23T18:03:43 IST" skipped="0">
  <testcase classname="scripts.Login" name="ValidateLogin" time="3.071"/>
  <system-out/>
</testsuite> <!-- scripts.Login -->
